[35m[Appium][39m Welcome to Appium v2.5.1
[35m[Appium][39m Non-default server args:
[35m[Appium][39m { basePath: [32m'/wd/hub'[39m, loglevel: [32m'info'[39m, port: [33m58728[39m }
[35m[Appium][39m Attempting to load driver uiautomator2...
[Appium] Appium REST http interface listener started on http://0.0.0.0:58728/wd/hub
[Appium] You can provide the following URLs in your client code to connect to this server:
[Appium] 	http://127.0.0.1:58728/wd/hub (only accessible from the same host)
[Appium] 	http://192.168.1.19:58728/wd/hub
[Appium] Available drivers:
[Appium]   - uiautomator2@3.0.0 (automationName 'UiAutomator2')
[Appium] No plugins have been installed. Use the "appium plugin" command to install the one(s) you want to use.
[38;5;0m[HTTP][0m [37m-->[39m [37mGET[39m [37m/wd/hub/status[39m
[38;5;0m[HTTP][0m {}
[38;5;0m[HTTP][0m <-- GET /wd/hub/status 200 7 ms - 110
[38;5;0m[HTTP][0m 
[38;5;0m[HTTP][0m [37m-->[39m [37mGET[39m [37m/wd/hub/status[39m
[38;5;0m[HTTP][0m {}
[38;5;0m[HTTP][0m <-- GET /wd/hub/status 200 2 ms - 110
[38;5;0m[HTTP][0m 
[38;5;0m[HTTP][0m [37m-->[39m [37mPOST[39m [37m/wd/hub/session[39m
[38;5;0m[HTTP][0m {"desiredCapabilities":{"appium:systemPort":58750,"appium:newCommandTimeout":1800,"appium:automationName":"uiautomator2","appium:fullReset":false,"appium:platformVersion":"14","appium:noReset":true,"appium:udid":"emulator-5554","appium:autoGrantPermissions":true,"appium:platformName":"ANDROID","appium:deviceName":"emulator-5554 (sdk_gphone64_x86_64 - Android 14)","platformName":"Android","appium:app":"/Users/tanayaseto/Downloads/APIDemos.apk"},"capabilities":{"firstMatch":[{"appium:app":"/Users/tanayaseto/Downloads/APIDemos.apk","appium:autoGrantPermissions":true,"appium:automationName":"uiautomator2","appium:deviceName":"emulator-5554 (sdk_gphone64_x86_64 - Android 14)","appium:fullReset":false,"appium:newCommandTimeout":1800,"appium:noReset":true,"appium:platformName":"ANDROID","appium:platformVersion":"14","appium:systemPort":58750,"appium:udid":"emulator-5554","platformName":"android"}]}}
[38;5;32m[BaseDriver][0m Ignoring capability 'appium:platformName=ANDROID' and using capability 'platformName=android'
[38;5;32m[BaseDriver][0m The capabilities ["platformName"] are standard capabilities and do not require "appium:" prefix
[Appium] Attempting to find matching driver for automationName 'uiautomator2' and platformName 'android'
[Appium] The 'uiautomator2' driver was installed and matched caps.
[Appium] Will require it at /Users/tanayaseto/.appium/node_modules/appium-uiautomator2-driver
[38;5;16m[AppiumDriver@cd9c][0m Appium v2.5.1 creating new AndroidUiautomator2Driver (v3.0.0) session
[38;5;16m[AppiumDriver@cd9c][0m Checking BaseDriver versions for Appium and AndroidUiautomator2Driver
[38;5;16m[AppiumDriver@cd9c][0m Appium's BaseDriver version is 9.5.2
[38;5;16m[AppiumDriver@cd9c][0m AndroidUiautomator2Driver's BaseDriver version is 9.5.2
[38;5;48m[AndroidUiautomator2Driver@f810 (5cfbfd34)][0m Session created with session id: 5cfbfd34-aab3-4539-8c72-b3137239f37a
[38;5;64m[ADB][0m Found 1 'build-tools' folders under '/Users/tanayaseto/.katalon/tools/android_sdk' (newest first):
[38;5;64m[ADB][0m     /Users/tanayaseto/.katalon/tools/android_sdk/build-tools/29.0.3
[38;5;64m[ADB][0m Using 'adb' from '/Users/tanayaseto/.katalon/tools/android_sdk/platform-tools/adb'
[38;5;48m[AndroidUiautomator2Driver@f810 (5cfbfd34)][0m Retrieving device list
[38;5;48m[AndroidUiautomator2Driver@f810 (5cfbfd34)][0m Using device: emulator-5554
[38;5;64m[ADB][0m Using 'adb' from '/Users/tanayaseto/.katalon/tools/android_sdk/platform-tools/adb'
[38;5;32m[BaseDriver][0m Using local app '/Users/tanayaseto/Downloads/APIDemos.apk'
[38;5;64m[ADB][0m Getting device platform version
[38;5;48m[AndroidUiautomator2Driver@f810 (5cfbfd34)][0m Relaxing hidden api policy
[38;5;64m[ADB][0m Package name: 'io.appium.android.apis'
[38;5;64m[ADB][0m Main activity name: 'io.appium.android.apis.ApiDemos'
[38;5;64m[ADB][0m Using 'apksigner.jar' from '/Users/tanayaseto/.katalon/tools/android_sdk/build-tools/29.0.3/lib/apksigner.jar'
[38;5;64m[ADB][0m '/Users/tanayaseto/.appium/node_modules/appium-uiautomator2-driver/node_modules/appium-uiautomator2-server/apks/appium-uiautomator2-server-debug-androidTest.apk' is signed with the default certificate
[38;5;64m[ADB][0m '/Users/tanayaseto/.appium/node_modules/appium-uiautomator2-driver/node_modules/appium-uiautomator2-server/apks/appium-uiautomator2-server-v7.0.0.apk' is signed with the default certificate
[38;5;64m[ADB][0m '/Users/tanayaseto/Downloads/APIDemos.apk' is signed with a non-default certificate
[38;5;64m[ADB][0m The application at '/Users/tanayaseto/Downloads/APIDemos.apk' will not be cached, because the device under test has confirmed the support of streamed installs
[38;5;48m[AndroidUiautomator2Driver@f810 (5cfbfd34)][0m Server packages are not going to be (re)installed
[38;5;64m[ADB][0m Adding packages ["io.appium.settings","io.appium.uiautomator2.server","io.appium.uiautomator2.server.test"] to Doze whitelist
[38;5;64m[ADB][0m The installation of 'APIDemos.apk' took 11874ms
[38;5;48m[AndroidUiautomator2Driver@f810 (5cfbfd34)][0m Starting UIAutomator2 server 7.0.0
[38;5;48m[AndroidUiautomator2Driver@f810 (5cfbfd34)][0m Using UIAutomator2 server from '/Users/tanayaseto/.appium/node_modules/appium-uiautomator2-driver/node_modules/appium-uiautomator2-server/apks/appium-uiautomator2-server-v7.0.0.apk' and test from '/Users/tanayaseto/.appium/node_modules/appium-uiautomator2-driver/node_modules/appium-uiautomator2-server/apks/appium-uiautomator2-server-debug-androidTest.apk'
[38;5;48m[AndroidUiautomator2Driver@f810 (5cfbfd34)][0m Waiting up to 30000ms for UiAutomator2 to be online...
[38;5;48m[AndroidUiautomator2Driver@f810 (5cfbfd34)][0m socket hang up
[38;5;48m[AndroidUiautomator2Driver@f810 (5cfbfd34)][0m socket hang up
[38;5;48m[AndroidUiautomator2Driver@f810 (5cfbfd34)][0m socket hang up
[38;5;48m[AndroidUiautomator2Driver@f810 (5cfbfd34)][0m socket hang up
[38;5;48m[AndroidUiautomator2Driver@f810 (5cfbfd34)][0m socket hang up
[38;5;48m[AndroidUiautomator2Driver@f810 (5cfbfd34)][0m socket hang up
[38;5;48m[AndroidUiautomator2Driver@f810 (5cfbfd34)][0m socket hang up
[38;5;48m[AndroidUiautomator2Driver@f810 (5cfbfd34)][0m socket hang up
[38;5;48m[AndroidUiautomator2Driver@f810 (5cfbfd34)][0m socket hang up
[38;5;48m[AndroidUiautomator2Driver@f810 (5cfbfd34)][0m socket hang up
[38;5;48m[AndroidUiautomator2Driver@f810 (5cfbfd34)][0m socket hang up
[38;5;48m[AndroidUiautomator2Driver@f810 (5cfbfd34)][0m Determined the downstream protocol as 'W3C'
[38;5;48m[AndroidUiautomator2Driver@f810 (5cfbfd34)][0m Screen already unlocked, doing nothing
[38;5;48m[AndroidUiautomator2Driver@f810 (5cfbfd34)][0m Starting 'io.appium.android.apis/io.appium.android.apis.ApiDemos and waiting for 'io.appium.android.apis/io.appium.android.apis.ApiDemos'
[38;5;16m[AppiumDriver@cd9c][0m New AndroidUiautomator2Driver session created successfully, session 5cfbfd34-aab3-4539-8c72-b3137239f37a added to master session list
[38;5;0m[HTTP][0m <-- POST /wd/hub/session 200 44077 ms - 1204
[38;5;0m[HTTP][0m 
[38;5;0m[HTTP][0m [37m-->[39m [37mGET[39m [37m/wd/hub/session/5cfbfd34-aab3-4539-8c72-b3137239f37a[39m
[38;5;0m[HTTP][0m {}
[38;5;0m[HTTP][0m <-- GET /wd/hub/session/5cfbfd34-aab3-4539-8c72-b3137239f37a 200 99 ms - 354
[38;5;0m[HTTP][0m 
[38;5;0m[HTTP][0m [37m-->[39m [37mGET[39m [37m/wd/hub/session/5cfbfd34-aab3-4539-8c72-b3137239f37a[39m
[38;5;0m[HTTP][0m {}
[38;5;0m[HTTP][0m <-- GET /wd/hub/session/5cfbfd34-aab3-4539-8c72-b3137239f37a 200 98 ms - 354
[38;5;0m[HTTP][0m 
[38;5;0m[HTTP][0m [37m-->[39m [37mGET[39m [37m/wd/hub/status[39m
[38;5;0m[HTTP][0m {}
[38;5;0m[HTTP][0m <-- GET /wd/hub/status 200 5 ms - 110
[38;5;0m[HTTP][0m 
[38;5;0m[HTTP][0m [37m-->[39m [37mPOST[39m [37m/wd/hub/session/5cfbfd34-aab3-4539-8c72-b3137239f37a/timeouts[39m
[38;5;0m[HTTP][0m {"implicit":60000}
[38;5;0m[HTTP][0m <-- POST /wd/hub/session/5cfbfd34-aab3-4539-8c72-b3137239f37a/timeouts 200 3 ms - 14
[38;5;0m[HTTP][0m 
[38;5;0m[HTTP][0m [37m-->[39m [37mGET[39m [37m/wd/hub/session/5cfbfd34-aab3-4539-8c72-b3137239f37a/source[39m
[38;5;0m[HTTP][0m {}
[38;5;48m[AndroidUiautomator2Driver@f810 (5cfbfd34)][0m Driver proxy active, passing request on via HTTP proxy
[38;5;48m[AndroidUiautomator2Driver@f810 (5cfbfd34)][0m Replacing sessionId 43d88c34-1eb8-41e3-a922-6d90cd51edc4 with 5cfbfd34-aab3-4539-8c72-b3137239f37a
[38;5;0m[HTTP][0m <-- GET /wd/hub/session/5cfbfd34-aab3-4539-8c72-b3137239f37a/source 200 2843 ms - 8985
[38;5;0m[HTTP][0m 
[38;5;0m[HTTP][0m [37m-->[39m [37mGET[39m [37m/wd/hub/session/5cfbfd34-aab3-4539-8c72-b3137239f37a/screenshot[39m
[38;5;0m[HTTP][0m {}
[38;5;0m[HTTP][0m <-- GET /wd/hub/session/5cfbfd34-aab3-4539-8c72-b3137239f37a/screenshot 200 1467 ms - 99148
[38;5;0m[HTTP][0m 
[38;5;0m[HTTP][0m [37m-->[39m [37mPOST[39m [37m/wd/hub/session/5cfbfd34-aab3-4539-8c72-b3137239f37a/elements[39m
[38;5;0m[HTTP][0m {"using":"xpath","value":"//*[@class = 'android.widget.TextView' and (@text = 'OS' or . = 'OS') and @resource-id = 'android:id/text1']"}
[38;5;0m[HTTP][0m <-- POST /wd/hub/session/5cfbfd34-aab3-4539-8c72-b3137239f37a/elements 200 4603 ms - 139
[38;5;0m[HTTP][0m 
[38;5;0m[HTTP][0m [37m-->[39m [37mGET[39m [37m/wd/hub/session/5cfbfd34-aab3-4539-8c72-b3137239f37a/window/rect[39m
[38;5;0m[HTTP][0m {}
[38;5;0m[HTTP][0m <-- GET /wd/hub/session/5cfbfd34-aab3-4539-8c72-b3137239f37a/window/rect 200 46 ms - 50
[38;5;0m[HTTP][0m 
[38;5;0m[HTTP][0m [37m-->[39m [37mPOST[39m [37m/wd/hub/session/5cfbfd34-aab3-4539-8c72-b3137239f37a/elements[39m
[38;5;0m[HTTP][0m {"using":"xpath","value":"//*[@class = 'android.widget.TextView' and (@text = 'OS' or . = 'OS') and @resource-id = 'android:id/text1']"}
[38;5;0m[HTTP][0m <-- POST /wd/hub/session/5cfbfd34-aab3-4539-8c72-b3137239f37a/elements 200 398 ms - 139
[38;5;0m[HTTP][0m 
[38;5;0m[HTTP][0m [37m-->[39m [37mGET[39m [37m/wd/hub/session/5cfbfd34-aab3-4539-8c72-b3137239f37a/element/00000000-0000-0031-ffff-ffff00000011/location[39m
[38;5;0m[HTTP][0m {}
[38;5;48m[AndroidUiautomator2Driver@f810 (5cfbfd34)][0m Driver proxy active, passing request on via HTTP proxy
[38;5;48m[AndroidUiautomator2Driver@f810 (5cfbfd34)][0m Replacing sessionId 43d88c34-1eb8-41e3-a922-6d90cd51edc4 with 5cfbfd34-aab3-4539-8c72-b3137239f37a
[38;5;0m[HTTP][0m <-- GET /wd/hub/session/5cfbfd34-aab3-4539-8c72-b3137239f37a/element/00000000-0000-0031-ffff-ffff00000011/location 200 36 ms - 77
[38;5;0m[HTTP][0m 
[38;5;0m[HTTP][0m [37m-->[39m [37mPOST[39m [37m/wd/hub/session/5cfbfd34-aab3-4539-8c72-b3137239f37a/element/00000000-0000-0031-ffff-ffff00000011/click[39m
[38;5;0m[HTTP][0m {"id":"00000000-0000-0031-ffff-ffff00000011"}
[38;5;0m[HTTP][0m <-- POST /wd/hub/session/5cfbfd34-aab3-4539-8c72-b3137239f37a/element/00000000-0000-0031-ffff-ffff00000011/click 200 16797 ms - 14
[38;5;0m[HTTP][0m 
[38;5;0m[HTTP][0m [37m-->[39m [37mGET[39m [37m/wd/hub/session/5cfbfd34-aab3-4539-8c72-b3137239f37a/source[39m
[38;5;0m[HTTP][0m {}
[38;5;48m[AndroidUiautomator2Driver@f810 (5cfbfd34)][0m Driver proxy active, passing request on via HTTP proxy
[38;5;48m[AndroidUiautomator2Driver@f810 (5cfbfd34)][0m Replacing sessionId 43d88c34-1eb8-41e3-a922-6d90cd51edc4 with 5cfbfd34-aab3-4539-8c72-b3137239f37a
[38;5;0m[HTTP][0m <-- GET /wd/hub/session/5cfbfd34-aab3-4539-8c72-b3137239f37a/source 200 1421 ms - 602
[38;5;0m[HTTP][0m 
[38;5;0m[HTTP][0m [37m-->[39m [37mGET[39m [37m/wd/hub/session/5cfbfd34-aab3-4539-8c72-b3137239f37a/screenshot[39m
[38;5;0m[HTTP][0m {}
[38;5;0m[HTTP][0m <-- GET /wd/hub/session/5cfbfd34-aab3-4539-8c72-b3137239f37a/screenshot 200 1340 ms - 71580
[38;5;0m[HTTP][0m 
[38;5;0m[HTTP][0m [37m-->[39m [37mPOST[39m [37m/wd/hub/session/5cfbfd34-aab3-4539-8c72-b3137239f37a/elements[39m
[38;5;0m[HTTP][0m {"using":"xpath","value":"//*[@class = 'android.widget.FrameLayout' and (@text = '' or . = '')]"}
[38;5;0m[HTTP][0m <-- POST /wd/hub/session/5cfbfd34-aab3-4539-8c72-b3137239f37a/elements 200 623 ms - 395
[38;5;0m[HTTP][0m 
[38;5;0m[HTTP][0m [37m-->[39m [37mPOST[39m [37m/wd/hub/session/5cfbfd34-aab3-4539-8c72-b3137239f37a/elements[39m
[38;5;0m[HTTP][0m {"using":"-android uiautomator","value":"new UiSelector().className(\"android.widget.FrameLayout\")"}
[38;5;0m[HTTP][0m <-- POST /wd/hub/session/5cfbfd34-aab3-4539-8c72-b3137239f37a/elements 200 152 ms - 395
[38;5;0m[HTTP][0m 
[38;5;0m[HTTP][0m [37m-->[39m [37mPOST[39m [37m/wd/hub/session/5cfbfd34-aab3-4539-8c72-b3137239f37a/elements[39m
[38;5;0m[HTTP][0m {"using":"xpath","value":"//*[@class = 'android.widget.FrameLayout' and (@text = '' or . = '')]"}
[38;5;0m[HTTP][0m <-- POST /wd/hub/session/5cfbfd34-aab3-4539-8c72-b3137239f37a/elements 200 1304 ms - 395
[38;5;0m[HTTP][0m 
[38;5;0m[HTTP][0m [37m-->[39m [37mPOST[39m [37m/wd/hub/session/5cfbfd34-aab3-4539-8c72-b3137239f37a/elements[39m
[38;5;0m[HTTP][0m {"using":"-android uiautomator","value":"new UiSelector().className(\"android.widget.FrameLayout\")"}
[38;5;0m[HTTP][0m <-- POST /wd/hub/session/5cfbfd34-aab3-4539-8c72-b3137239f37a/elements 200 187 ms - 395
[38;5;0m[HTTP][0m 
[38;5;0m[HTTP][0m [37m-->[39m [37mGET[39m [37m/wd/hub/session/5cfbfd34-aab3-4539-8c72-b3137239f37a/source[39m
[38;5;0m[HTTP][0m {}
[38;5;48m[AndroidUiautomator2Driver@f810 (5cfbfd34)][0m Driver proxy active, passing request on via HTTP proxy
[38;5;48m[AndroidUiautomator2Driver@f810 (5cfbfd34)][0m Replacing sessionId 43d88c34-1eb8-41e3-a922-6d90cd51edc4 with 5cfbfd34-aab3-4539-8c72-b3137239f37a
[38;5;0m[HTTP][0m <-- GET /wd/hub/session/5cfbfd34-aab3-4539-8c72-b3137239f37a/source 200 270 ms - 5481
[38;5;0m[HTTP][0m 
[38;5;0m[HTTP][0m [37m-->[39m [37mGET[39m [37m/wd/hub/session/5cfbfd34-aab3-4539-8c72-b3137239f37a/screenshot[39m
[38;5;0m[HTTP][0m {}
[38;5;0m[HTTP][0m <-- GET /wd/hub/session/5cfbfd34-aab3-4539-8c72-b3137239f37a/screenshot 200 1139 ms - 72228
[38;5;0m[HTTP][0m 
[38;5;0m[HTTP][0m [37m-->[39m [37mPOST[39m [37m/wd/hub/session/5cfbfd34-aab3-4539-8c72-b3137239f37a/elements[39m
[38;5;0m[HTTP][0m {"using":"xpath","value":"//*[@class = 'android.widget.TextView' and (@text = 'SMS Messaging' or . = 'SMS Messaging') and @resource-id = 'android:id/text1']"}
[38;5;0m[HTTP][0m <-- POST /wd/hub/session/5cfbfd34-aab3-4539-8c72-b3137239f37a/elements 200 349 ms - 139
[38;5;0m[HTTP][0m 
[38;5;0m[HTTP][0m [37m-->[39m [37mGET[39m [37m/wd/hub/session/5cfbfd34-aab3-4539-8c72-b3137239f37a/window/rect[39m
[38;5;0m[HTTP][0m {}
[38;5;0m[HTTP][0m <-- GET /wd/hub/session/5cfbfd34-aab3-4539-8c72-b3137239f37a/window/rect 200 41 ms - 50
[38;5;0m[HTTP][0m 
[38;5;0m[HTTP][0m [37m-->[39m [37mPOST[39m [37m/wd/hub/session/5cfbfd34-aab3-4539-8c72-b3137239f37a/elements[39m
[38;5;0m[HTTP][0m {"using":"xpath","value":"//*[@class = 'android.widget.TextView' and (@text = 'SMS Messaging' or . = 'SMS Messaging') and @resource-id = 'android:id/text1']"}
[38;5;0m[HTTP][0m <-- POST /wd/hub/session/5cfbfd34-aab3-4539-8c72-b3137239f37a/elements 200 314 ms - 139
[38;5;0m[HTTP][0m 
[38;5;0m[HTTP][0m [37m-->[39m [37mGET[39m [37m/wd/hub/session/5cfbfd34-aab3-4539-8c72-b3137239f37a/element/00000000-0000-0032-ffff-ffff00000022/location[39m
[38;5;0m[HTTP][0m {}
[38;5;48m[AndroidUiautomator2Driver@f810 (5cfbfd34)][0m Driver proxy active, passing request on via HTTP proxy
[38;5;48m[AndroidUiautomator2Driver@f810 (5cfbfd34)][0m Replacing sessionId 43d88c34-1eb8-41e3-a922-6d90cd51edc4 with 5cfbfd34-aab3-4539-8c72-b3137239f37a
[38;5;0m[HTTP][0m <-- GET /wd/hub/session/5cfbfd34-aab3-4539-8c72-b3137239f37a/element/00000000-0000-0032-ffff-ffff00000022/location 200 52 ms - 76
[38;5;0m[HTTP][0m 
[38;5;0m[HTTP][0m [37m-->[39m [37mPOST[39m [37m/wd/hub/session/5cfbfd34-aab3-4539-8c72-b3137239f37a/element/00000000-0000-0032-ffff-ffff00000022/click[39m
[38;5;0m[HTTP][0m {"id":"00000000-0000-0032-ffff-ffff00000022"}
[38;5;0m[HTTP][0m <-- POST /wd/hub/session/5cfbfd34-aab3-4539-8c72-b3137239f37a/element/00000000-0000-0032-ffff-ffff00000022/click 200 8603 ms - 14
[38;5;0m[HTTP][0m 
[38;5;0m[HTTP][0m [37m-->[39m [37mGET[39m [37m/wd/hub/session/5cfbfd34-aab3-4539-8c72-b3137239f37a/source[39m
[38;5;0m[HTTP][0m {}
[38;5;48m[AndroidUiautomator2Driver@f810 (5cfbfd34)][0m Driver proxy active, passing request on via HTTP proxy
[38;5;48m[AndroidUiautomator2Driver@f810 (5cfbfd34)][0m Replacing sessionId 43d88c34-1eb8-41e3-a922-6d90cd51edc4 with 5cfbfd34-aab3-4539-8c72-b3137239f37a
[38;5;0m[HTTP][0m <-- GET /wd/hub/session/5cfbfd34-aab3-4539-8c72-b3137239f37a/source 200 937 ms - 602
[38;5;0m[HTTP][0m 
[38;5;0m[HTTP][0m [37m-->[39m [37mGET[39m [37m/wd/hub/session/5cfbfd34-aab3-4539-8c72-b3137239f37a/screenshot[39m
[38;5;0m[HTTP][0m {}
[38;5;0m[HTTP][0m <-- GET /wd/hub/session/5cfbfd34-aab3-4539-8c72-b3137239f37a/screenshot 200 1185 ms - 72200
[38;5;0m[HTTP][0m 
[38;5;0m[HTTP][0m [37m-->[39m [37mGET[39m [37m/wd/hub/session/5cfbfd34-aab3-4539-8c72-b3137239f37a/source[39m
[38;5;0m[HTTP][0m {}
[38;5;48m[AndroidUiautomator2Driver@f810 (5cfbfd34)][0m Driver proxy active, passing request on via HTTP proxy
[38;5;48m[AndroidUiautomator2Driver@f810 (5cfbfd34)][0m Replacing sessionId 43d88c34-1eb8-41e3-a922-6d90cd51edc4 with 5cfbfd34-aab3-4539-8c72-b3137239f37a
[38;5;0m[HTTP][0m <-- GET /wd/hub/session/5cfbfd34-aab3-4539-8c72-b3137239f37a/source 200 410 ms - 10070
[38;5;0m[HTTP][0m 
[38;5;0m[HTTP][0m [37m-->[39m [37mGET[39m [37m/wd/hub/session/5cfbfd34-aab3-4539-8c72-b3137239f37a/screenshot[39m
[38;5;0m[HTTP][0m {}
[38;5;0m[HTTP][0m <-- GET /wd/hub/session/5cfbfd34-aab3-4539-8c72-b3137239f37a/screenshot 200 877 ms - 116624
[38;5;0m[HTTP][0m 
[38;5;0m[HTTP][0m [37m-->[39m [37mPOST[39m [37m/wd/hub/session/5cfbfd34-aab3-4539-8c72-b3137239f37a/elements[39m
[38;5;0m[HTTP][0m {"using":"xpath","value":"//*[@class = 'android.widget.EditText' and @resource-id = 'io.appium.android.apis:id/sms_recipient' and (@text = '' or . = '')]"}
[38;5;0m[HTTP][0m <-- POST /wd/hub/session/5cfbfd34-aab3-4539-8c72-b3137239f37a/elements 200 508 ms - 139
[38;5;0m[HTTP][0m 
[38;5;0m[HTTP][0m [37m-->[39m [37mGET[39m [37m/wd/hub/session/5cfbfd34-aab3-4539-8c72-b3137239f37a/window/rect[39m
[38;5;0m[HTTP][0m {}
[38;5;0m[HTTP][0m <-- GET /wd/hub/session/5cfbfd34-aab3-4539-8c72-b3137239f37a/window/rect 200 33 ms - 50
[38;5;0m[HTTP][0m 
[38;5;0m[HTTP][0m [37m-->[39m [37mPOST[39m [37m/wd/hub/session/5cfbfd34-aab3-4539-8c72-b3137239f37a/elements[39m
[38;5;0m[HTTP][0m {"using":"xpath","value":"//*[@class = 'android.widget.EditText' and @resource-id = 'io.appium.android.apis:id/sms_recipient' and (@text = '' or . = '')]"}
[38;5;0m[HTTP][0m <-- POST /wd/hub/session/5cfbfd34-aab3-4539-8c72-b3137239f37a/elements 200 513 ms - 139
[38;5;0m[HTTP][0m 
[38;5;0m[HTTP][0m [37m-->[39m [37mGET[39m [37m/wd/hub/session/5cfbfd34-aab3-4539-8c72-b3137239f37a/element/00000000-0000-0033-ffff-ffff0000002d/location[39m
[38;5;0m[HTTP][0m {}
[38;5;48m[AndroidUiautomator2Driver@f810 (5cfbfd34)][0m Driver proxy active, passing request on via HTTP proxy
[38;5;48m[AndroidUiautomator2Driver@f810 (5cfbfd34)][0m Replacing sessionId 43d88c34-1eb8-41e3-a922-6d90cd51edc4 with 5cfbfd34-aab3-4539-8c72-b3137239f37a
[38;5;0m[HTTP][0m <-- GET /wd/hub/session/5cfbfd34-aab3-4539-8c72-b3137239f37a/element/00000000-0000-0033-ffff-ffff0000002d/location 200 32 ms - 78
[38;5;0m[HTTP][0m 
[38;5;0m[HTTP][0m [37m-->[39m [37mPOST[39m [37m/wd/hub/session/5cfbfd34-aab3-4539-8c72-b3137239f37a/element/00000000-0000-0033-ffff-ffff0000002d/clear[39m
[38;5;0m[HTTP][0m {"id":"00000000-0000-0033-ffff-ffff0000002d"}
[38;5;0m[HTTP][0m <-- POST /wd/hub/session/5cfbfd34-aab3-4539-8c72-b3137239f37a/element/00000000-0000-0033-ffff-ffff0000002d/clear 200 79 ms - 14
[38;5;0m[HTTP][0m 
[38;5;0m[HTTP][0m [37m-->[39m [37mPOST[39m [37m/wd/hub/session/5cfbfd34-aab3-4539-8c72-b3137239f37a/element/00000000-0000-0033-ffff-ffff0000002d/click[39m
[38;5;0m[HTTP][0m {"id":"00000000-0000-0033-ffff-ffff0000002d"}
[38;5;0m[HTTP][0m <-- POST /wd/hub/session/5cfbfd34-aab3-4539-8c72-b3137239f37a/element/00000000-0000-0033-ffff-ffff0000002d/click 200 6588 ms - 14
[38;5;0m[HTTP][0m 
[38;5;0m[HTTP][0m [37m-->[39m [37mPOST[39m [37m/wd/hub/session/5cfbfd34-aab3-4539-8c72-b3137239f37a/element/00000000-0000-0033-ffff-ffff0000002d/value[39m
[38;5;0m[HTTP][0m {"id":"00000000-0000-0033-ffff-ffff0000002d","text":"1234567890","value":["1","2","3","4","5","6","7","8","9","0"]}
[38;5;0m[HTTP][0m <-- POST /wd/hub/session/5cfbfd34-aab3-4539-8c72-b3137239f37a/element/00000000-0000-0033-ffff-ffff0000002d/value 200 470 ms - 14
[38;5;0m[HTTP][0m 
[38;5;0m[HTTP][0m [37m-->[39m [37mGET[39m [37m/wd/hub/session/5cfbfd34-aab3-4539-8c72-b3137239f37a/source[39m
[38;5;0m[HTTP][0m {}
[38;5;48m[AndroidUiautomator2Driver@f810 (5cfbfd34)][0m Driver proxy active, passing request on via HTTP proxy
[38;5;48m[AndroidUiautomator2Driver@f810 (5cfbfd34)][0m Replacing sessionId 43d88c34-1eb8-41e3-a922-6d90cd51edc4 with 5cfbfd34-aab3-4539-8c72-b3137239f37a
[38;5;0m[HTTP][0m <-- GET /wd/hub/session/5cfbfd34-aab3-4539-8c72-b3137239f37a/source 200 1154 ms - 10079
[38;5;0m[HTTP][0m 
[38;5;0m[HTTP][0m [37m-->[39m [37mGET[39m [37m/wd/hub/session/5cfbfd34-aab3-4539-8c72-b3137239f37a/screenshot[39m
[38;5;0m[HTTP][0m {}
[38;5;0m[HTTP][0m <-- GET /wd/hub/session/5cfbfd34-aab3-4539-8c72-b3137239f37a/screenshot 200 1790 ms - 217828
[38;5;0m[HTTP][0m 
[38;5;0m[HTTP][0m [37m-->[39m [37mPOST[39m [37m/wd/hub/session/5cfbfd34-aab3-4539-8c72-b3137239f37a/elements[39m
[38;5;0m[HTTP][0m {"using":"xpath","value":"//*[@class = 'android.widget.EditText' and @resource-id = 'io.appium.android.apis:id/sms_content' and (@text = '' or . = '')]"}
[38;5;0m[HTTP][0m <-- POST /wd/hub/session/5cfbfd34-aab3-4539-8c72-b3137239f37a/elements 200 513 ms - 139
[38;5;0m[HTTP][0m 
[38;5;0m[HTTP][0m [37m-->[39m [37mGET[39m [37m/wd/hub/session/5cfbfd34-aab3-4539-8c72-b3137239f37a/window/rect[39m
[38;5;0m[HTTP][0m {}
[38;5;0m[HTTP][0m <-- GET /wd/hub/session/5cfbfd34-aab3-4539-8c72-b3137239f37a/window/rect 200 73 ms - 50
[38;5;0m[HTTP][0m 
[38;5;0m[HTTP][0m [37m-->[39m [37mPOST[39m [37m/wd/hub/session/5cfbfd34-aab3-4539-8c72-b3137239f37a/elements[39m
[38;5;0m[HTTP][0m {"using":"xpath","value":"//*[@class = 'android.widget.EditText' and @resource-id = 'io.appium.android.apis:id/sms_content' and (@text = '' or . = '')]"}
[38;5;0m[HTTP][0m <-- POST /wd/hub/session/5cfbfd34-aab3-4539-8c72-b3137239f37a/elements 200 636 ms - 139
[38;5;0m[HTTP][0m 
[38;5;0m[HTTP][0m [37m-->[39m [37mGET[39m [37m/wd/hub/session/5cfbfd34-aab3-4539-8c72-b3137239f37a/element/00000000-0000-0033-ffff-ffff00000030/location[39m
[38;5;0m[HTTP][0m {}
[38;5;48m[AndroidUiautomator2Driver@f810 (5cfbfd34)][0m Driver proxy active, passing request on via HTTP proxy
[38;5;48m[AndroidUiautomator2Driver@f810 (5cfbfd34)][0m Replacing sessionId 43d88c34-1eb8-41e3-a922-6d90cd51edc4 with 5cfbfd34-aab3-4539-8c72-b3137239f37a
[38;5;0m[HTTP][0m <-- GET /wd/hub/session/5cfbfd34-aab3-4539-8c72-b3137239f37a/element/00000000-0000-0033-ffff-ffff00000030/location 200 4469 ms - 78
[38;5;0m[HTTP][0m 
[38;5;0m[HTTP][0m [37m-->[39m [37mPOST[39m [37m/wd/hub/session/5cfbfd34-aab3-4539-8c72-b3137239f37a/element/00000000-0000-0033-ffff-ffff00000030/clear[39m
[38;5;0m[HTTP][0m {"id":"00000000-0000-0033-ffff-ffff00000030"}
[38;5;0m[HTTP][0m <-- POST /wd/hub/session/5cfbfd34-aab3-4539-8c72-b3137239f37a/element/00000000-0000-0033-ffff-ffff00000030/clear 200 95 ms - 14
[38;5;0m[HTTP][0m 
[38;5;0m[HTTP][0m [37m-->[39m [37mPOST[39m [37m/wd/hub/session/5cfbfd34-aab3-4539-8c72-b3137239f37a/element/00000000-0000-0033-ffff-ffff00000030/click[39m
[38;5;0m[HTTP][0m {"id":"00000000-0000-0033-ffff-ffff00000030"}
[38;5;0m[HTTP][0m <-- POST /wd/hub/session/5cfbfd34-aab3-4539-8c72-b3137239f37a/element/00000000-0000-0033-ffff-ffff00000030/click 200 17878 ms - 14
[38;5;0m[HTTP][0m 
[38;5;0m[HTTP][0m [37m-->[39m [37mPOST[39m [37m/wd/hub/session/5cfbfd34-aab3-4539-8c72-b3137239f37a/element/00000000-0000-0033-ffff-ffff00000030/value[39m
[38;5;0m[HTTP][0m {"id":"00000000-0000-0033-ffff-ffff00000030","text":"Bayu Tanaya","value":["B","a","y","u"," ","T","a","n","a","y","a"]}
[38;5;0m[HTTP][0m <-- POST /wd/hub/session/5cfbfd34-aab3-4539-8c72-b3137239f37a/element/00000000-0000-0033-ffff-ffff00000030/value 200 98 ms - 14
[38;5;0m[HTTP][0m 
[38;5;0m[HTTP][0m [37m-->[39m [37mGET[39m [37m/wd/hub/session/5cfbfd34-aab3-4539-8c72-b3137239f37a/source[39m
[38;5;0m[HTTP][0m {}
[38;5;48m[AndroidUiautomator2Driver@f810 (5cfbfd34)][0m Driver proxy active, passing request on via HTTP proxy
[38;5;48m[AndroidUiautomator2Driver@f810 (5cfbfd34)][0m Replacing sessionId 43d88c34-1eb8-41e3-a922-6d90cd51edc4 with 5cfbfd34-aab3-4539-8c72-b3137239f37a
[38;5;0m[HTTP][0m <-- GET /wd/hub/session/5cfbfd34-aab3-4539-8c72-b3137239f37a/source 200 292 ms - 9678
[38;5;0m[HTTP][0m 
[38;5;0m[HTTP][0m [37m-->[39m [37mGET[39m [37m/wd/hub/session/5cfbfd34-aab3-4539-8c72-b3137239f37a/screenshot[39m
[38;5;0m[HTTP][0m {}
[38;5;0m[HTTP][0m <-- GET /wd/hub/session/5cfbfd34-aab3-4539-8c72-b3137239f37a/screenshot 200 900 ms - 223136
[38;5;0m[HTTP][0m 
[38;5;0m[HTTP][0m [37m-->[39m [37mDELETE[39m [37m/wd/hub/session/5cfbfd34-aab3-4539-8c72-b3137239f37a[39m
[38;5;0m[HTTP][0m {}
[38;5;16m[AppiumDriver@cd9c][0m Removing session 5cfbfd34-aab3-4539-8c72-b3137239f37a from our master session list
[38;5;48m[AndroidUiautomator2Driver@f810 (5cfbfd34)][0m Restoring hidden api policy to the device default configuration
[38;5;0m[HTTP][0m <-- DELETE /wd/hub/session/5cfbfd34-aab3-4539-8c72-b3137239f37a 200 1104 ms - 14
[38;5;0m[HTTP][0m 
[Appium] Received SIGTERM - shutting down
[38;5;0m[HTTP][0m Waiting until the server is closed
[38;5;0m[HTTP][0m Received server close event
